

Started GET "/assets/rails.png" for 127.0.0.1 at 2012-11-16 09:55:36 -0600
Connecting to database specified by database.yml
Served asset /rails.png - 200 OK (12ms)


Started GET "/rails/info/properties" for 127.0.0.1 at 2012-11-16 10:00:50 -0600
Processing by Rails::InfoController#properties as */*
  Rendered inline template (4.3ms)
Completed 200 OK in 70ms (Views: 69.1ms | ActiveRecord: 0.0ms)


Started GET "/assets/rails.png" for 127.0.0.1 at 2012-11-16 10:00:57 -0600
Served asset /rails.png - 304 Not Modified (0ms)


Started GET "/" for 127.0.0.1 at 2012-11-16 10:27:19 -0600
Connecting to database specified by database.yml

ActionController::RoutingError (uninitialized constant WelcomeController):
  activesupport (3.2.9) lib/active_support/inflector/methods.rb:230:in `block in constantize'
  activesupport (3.2.9) lib/active_support/inflector/methods.rb:229:in `each'
  activesupport (3.2.9) lib/active_support/inflector/methods.rb:229:in `constantize'
  actionpack (3.2.9) lib/action_dispatch/routing/route_set.rb:69:in `controller_reference'
  actionpack (3.2.9) lib/action_dispatch/routing/route_set.rb:54:in `controller'
  actionpack (3.2.9) lib/action_dispatch/routing/route_set.rb:32:in `call'
  journey (1.0.4) lib/journey/router.rb:68:in `block in call'
  journey (1.0.4) lib/journey/router.rb:56:in `each'
  journey (1.0.4) lib/journey/router.rb:56:in `call'
  actionpack (3.2.9) lib/action_dispatch/routing/route_set.rb:601:in `call'
  actionpack (3.2.9) lib/action_dispatch/middleware/best_standards_support.rb:17:in `call'
  rack (1.4.1) lib/rack/etag.rb:23:in `call'
  rack (1.4.1) lib/rack/conditionalget.rb:25:in `call'
  actionpack (3.2.9) lib/action_dispatch/middleware/head.rb:14:in `call'
  actionpack (3.2.9) lib/action_dispatch/middleware/params_parser.rb:21:in `call'
  actionpack (3.2.9) lib/action_dispatch/middleware/flash.rb:242:in `call'
  rack (1.4.1) lib/rack/session/abstract/id.rb:205:in `context'
  rack (1.4.1) lib/rack/session/abstract/id.rb:200:in `call'
  actionpack (3.2.9) lib/action_dispatch/middleware/cookies.rb:341:in `call'
  activerecord (3.2.9) lib/active_record/query_cache.rb:64:in `call'
  activerecord (3.2.9) lib/active_record/connection_adapters/abstract/connection_pool.rb:479:in `call'
  actionpack (3.2.9) lib/action_dispatch/middleware/callbacks.rb:28:in `block in call'
  activesupport (3.2.9) lib/active_support/callbacks.rb:405:in `_run__2420785395269570833__call__4015708424620559794__callbacks'
  activesupport (3.2.9) lib/active_support/callbacks.rb:405:in `__run_callback'
  activesupport (3.2.9) lib/active_support/callbacks.rb:385:in `_run_call_callbacks'
  activesupport (3.2.9) lib/active_support/callbacks.rb:81:in `run_callbacks'
  actionpack (3.2.9) lib/action_dispatch/middleware/callbacks.rb:27:in `call'
  actionpack (3.2.9) lib/action_dispatch/middleware/reloader.rb:65:in `call'
  actionpack (3.2.9) lib/action_dispatch/middleware/remote_ip.rb:31:in `call'
  actionpack (3.2.9) lib/action_dispatch/middleware/debug_exceptions.rb:16:in `call'
  actionpack (3.2.9) lib/action_dispatch/middleware/show_exceptions.rb:56:in `call'
  railties (3.2.9) lib/rails/rack/logger.rb:32:in `call_app'
  railties (3.2.9) lib/rails/rack/logger.rb:16:in `block in call'
  activesupport (3.2.9) lib/active_support/tagged_logging.rb:22:in `tagged'
  railties (3.2.9) lib/rails/rack/logger.rb:16:in `call'
  actionpack (3.2.9) lib/action_dispatch/middleware/request_id.rb:22:in `call'
  rack (1.4.1) lib/rack/methodoverride.rb:21:in `call'
  rack (1.4.1) lib/rack/runtime.rb:17:in `call'
  activesupport (3.2.9) lib/active_support/cache/strategy/local_cache.rb:72:in `call'
  rack (1.4.1) lib/rack/lock.rb:15:in `call'
  actionpack (3.2.9) lib/action_dispatch/middleware/static.rb:62:in `call'
  railties (3.2.9) lib/rails/engine.rb:479:in `call'
  railties (3.2.9) lib/rails/application.rb:223:in `call'
  rack (1.4.1) lib/rack/content_length.rb:14:in `call'
  railties (3.2.9) lib/rails/rack/log_tailer.rb:17:in `call'
  rack (1.4.1) lib/rack/handler/webrick.rb:59:in `service'
  /usr/local/rvm/rubies/ruby-1.9.2-p320/lib/ruby/1.9.1/webrick/httpserver.rb:111:in `service'
  /usr/local/rvm/rubies/ruby-1.9.2-p320/lib/ruby/1.9.1/webrick/httpserver.rb:70:in `run'
  /usr/local/rvm/rubies/ruby-1.9.2-p320/lib/ruby/1.9.1/webrick/server.rb:183:in `block in start_thread'


  Rendered /usr/local/rvm/gems/ruby-1.9.2-p320/gems/actionpack-3.2.9/lib/action_dispatch/middleware/templates/rescues/routing_error.erb within rescues/layout (5.8ms)


Started GET "/" for 127.0.0.1 at 2012-11-16 10:27:37 -0600
Processing by HomeController#index as HTML
  Rendered home/index.html.erb within layouts/application (0.6ms)
Compiled home.css  (52ms)  (pid 28321)
Compiled application.css  (67ms)  (pid 28321)
Compiled jquery.js  (11ms)  (pid 28321)
Compiled jquery_ujs.js  (0ms)  (pid 28321)
Compiled home.js  (146ms)  (pid 28321)
Compiled application.js  (263ms)  (pid 28321)
Completed 200 OK in 476ms (Views: 475.0ms | ActiveRecord: 0.0ms)


Started GET "/assets/application.css?body=1" for 127.0.0.1 at 2012-11-16 10:27:38 -0600
Served asset /application.css - 200 OK (27ms)


Started GET "/assets/home.css?body=1" for 127.0.0.1 at 2012-11-16 10:27:38 -0600
Served asset /home.css - 200 OK (3ms)


Started GET "/assets/jquery.js?body=1" for 127.0.0.1 at 2012-11-16 10:27:38 -0600
Served asset /jquery.js - 200 OK (6ms)


Started GET "/assets/home.js?body=1" for 127.0.0.1 at 2012-11-16 10:27:38 -0600
Served asset /home.js - 200 OK (4ms)


Started GET "/assets/application.js?body=1" for 127.0.0.1 at 2012-11-16 10:27:38 -0600
Served asset /application.js - 200 OK (14ms)


Started GET "/assets/jquery_ujs.js?body=1" for 127.0.0.1 at 2012-11-16 10:27:38 -0600
Served asset /jquery_ujs.js - 200 OK (7ms)
Connecting to database specified by database.yml
Connecting to database specified by database.yml
  [1m[36m (0.8ms)[0m  [1mselect sqlite_version(*)[0m
  [1m[35m (2.5ms)[0m  CREATE TABLE "schema_migrations" ("version" varchar(255) NOT NULL) 
  [1m[36m (1.3ms)[0m  [1mCREATE UNIQUE INDEX "unique_schema_migrations" ON "schema_migrations" ("version")[0m
  [1m[35m (0.1ms)[0m  SELECT "schema_migrations"."version" FROM "schema_migrations" 
Migrating to CreateProducts (20121116163801)
  [1m[36m (0.1ms)[0m  [1mbegin transaction[0m
  [1m[35m (1.0ms)[0m  CREATE TABLE "products" ("id" INTEGER PRIMARY KEY AUTOINCREMENT NOT NULL, "name" varchar(255), "description" varchar(255), "price" decimal, "created_at" datetime NOT NULL, "updated_at" datetime NOT NULL) 
  [1m[36m (0.3ms)[0m  [1mINSERT INTO "schema_migrations" ("version") VALUES ('20121116163801')[0m
  [1m[35m (1.0ms)[0m  commit transaction
  [1m[36m (0.1ms)[0m  [1mSELECT "schema_migrations"."version" FROM "schema_migrations" [0m


Started GET "/" for 127.0.0.1 at 2012-11-16 10:50:31 -0600
Connecting to database specified by database.yml
Processing by HomeController#index as HTML
  Rendered home/index.html.erb within layouts/application (25.9ms)
Completed 500 Internal Server Error in 53ms

ActionView::Template::Error (undefined local variable or method `posts_path' for #<#<Class:0x007fd9d0d0ef60>:0x007fd9d0bdd2b8>):
    1: <h1>Hello Eric</h1>
    2: <%= link_to "Product List", posts_path %>
  app/views/home/index.html.erb:2:in `_app_views_home_index_html_erb___1513394859594865741_70286735892320'


  Rendered /usr/local/rvm/gems/ruby-1.9.2-p320/gems/actionpack-3.2.9/lib/action_dispatch/middleware/templates/rescues/_trace.erb (3.5ms)
  Rendered /usr/local/rvm/gems/ruby-1.9.2-p320/gems/actionpack-3.2.9/lib/action_dispatch/middleware/templates/rescues/_request_and_response.erb (2.7ms)
  Rendered /usr/local/rvm/gems/ruby-1.9.2-p320/gems/actionpack-3.2.9/lib/action_dispatch/middleware/templates/rescues/template_error.erb within rescues/layout (23.6ms)


Started GET "/" for 127.0.0.1 at 2012-11-16 10:50:53 -0600
Processing by HomeController#index as HTML
  Rendered home/index.html.erb within layouts/application (1.3ms)
Compiled products.css  (13ms)  (pid 28612)
Compiled scaffolds.css  (35ms)  (pid 28612)
Compiled application.css  (124ms)  (pid 28612)
Compiled products.js  (165ms)  (pid 28612)
Compiled application.js  (197ms)  (pid 28612)
Completed 200 OK in 525ms (Views: 524.6ms | ActiveRecord: 0.0ms)


Started GET "/assets/products.css?body=1" for 127.0.0.1 at 2012-11-16 10:50:53 -0600
Served asset /products.css - 200 OK (16ms)


Started GET "/assets/scaffolds.css?body=1" for 127.0.0.1 at 2012-11-16 10:50:53 -0600
Served asset /scaffolds.css - 200 OK (4ms)


Started GET "/assets/products.js?body=1" for 127.0.0.1 at 2012-11-16 10:50:53 -0600
Served asset /products.js - 200 OK (3ms)


Started GET "/assets/application.css?body=1" for 127.0.0.1 at 2012-11-16 10:50:53 -0600
Served asset /application.css - 304 Not Modified (18ms)


Started GET "/assets/jquery.js?body=1" for 127.0.0.1 at 2012-11-16 10:50:53 -0600
Served asset /jquery.js - 304 Not Modified (6ms)


Started GET "/assets/home.css?body=1" for 127.0.0.1 at 2012-11-16 10:50:53 -0600
Served asset /home.css - 304 Not Modified (5ms)


Started GET "/assets/jquery_ujs.js?body=1" for 127.0.0.1 at 2012-11-16 10:50:53 -0600
Served asset /jquery_ujs.js - 304 Not Modified (6ms)


Started GET "/assets/home.js?body=1" for 127.0.0.1 at 2012-11-16 10:50:53 -0600
Served asset /home.js - 304 Not Modified (4ms)


Started GET "/assets/application.js?body=1" for 127.0.0.1 at 2012-11-16 10:50:53 -0600
Served asset /application.js - 304 Not Modified (23ms)


Started GET "/products" for 127.0.0.1 at 2012-11-16 10:51:23 -0600
Processing by ProductsController#index as HTML
  [1m[36mProduct Load (0.2ms)[0m  [1mSELECT "products".* FROM "products" [0m
  Rendered products/index.html.erb within layouts/application (2.5ms)
Completed 200 OK in 136ms (Views: 18.1ms | ActiveRecord: 5.3ms)


Started GET "/assets/application.css?body=1" for 127.0.0.1 at 2012-11-16 10:51:23 -0600
Served asset /application.css - 304 Not Modified (1ms)


Started GET "/assets/home.css?body=1" for 127.0.0.1 at 2012-11-16 10:51:23 -0600
Served asset /home.css - 304 Not Modified (0ms)


Started GET "/assets/jquery.js?body=1" for 127.0.0.1 at 2012-11-16 10:51:23 -0600
Served asset /jquery.js - 304 Not Modified (0ms)


Started GET "/assets/home.js?body=1" for 127.0.0.1 at 2012-11-16 10:51:23 -0600
Served asset /home.js - 304 Not Modified (0ms)


Started GET "/assets/jquery_ujs.js?body=1" for 127.0.0.1 at 2012-11-16 10:51:23 -0600
Served asset /jquery_ujs.js - 304 Not Modified (0ms)


Started GET "/assets/application.js?body=1" for 127.0.0.1 at 2012-11-16 10:51:23 -0600
Served asset /application.js - 304 Not Modified (1ms)


Started GET "/products/new" for 127.0.0.1 at 2012-11-16 10:51:26 -0600
Processing by ProductsController#new as HTML
  Rendered products/_form.html.erb (18.8ms)
  Rendered products/new.html.erb within layouts/application (29.6ms)
Completed 200 OK in 50ms (Views: 40.4ms | ActiveRecord: 0.0ms)


Started GET "/assets/application.css?body=1" for 127.0.0.1 at 2012-11-16 10:51:26 -0600
Served asset /application.css - 304 Not Modified (1ms)


Started GET "/assets/home.css?body=1" for 127.0.0.1 at 2012-11-16 10:51:26 -0600
Served asset /home.css - 304 Not Modified (0ms)


Started GET "/assets/jquery_ujs.js?body=1" for 127.0.0.1 at 2012-11-16 10:51:26 -0600
Served asset /jquery_ujs.js - 304 Not Modified (0ms)


Started GET "/assets/home.js?body=1" for 127.0.0.1 at 2012-11-16 10:51:26 -0600
Served asset /home.js - 304 Not Modified (0ms)


Started GET "/assets/application.js?body=1" for 127.0.0.1 at 2012-11-16 10:51:26 -0600
Served asset /application.js - 304 Not Modified (0ms)


Started GET "/assets/jquery.js?body=1" for 127.0.0.1 at 2012-11-16 10:51:26 -0600
Served asset /jquery.js - 304 Not Modified (0ms)


Started POST "/products" for 127.0.0.1 at 2012-11-16 10:51:37 -0600
Processing by ProductsController#create as HTML
  Parameters: {"utf8"=>"✓", "authenticity_token"=>"1uRfxuu8iLJrQ5ZYhX6iX24QWiUPqiTzO7QcoK7w2AU=", "product"=>{"name"=>"Product 1", "description"=>"Apples are delicious", "price"=>"100.00123123"}, "commit"=>"Create Product"}
  [1m[35m (0.2ms)[0m  begin transaction
  [1m[36mSQL (16.0ms)[0m  [1mINSERT INTO "products" ("created_at", "description", "name", "price", "updated_at") VALUES (?, ?, ?, ?, ?)[0m  [["created_at", Fri, 16 Nov 2012 16:51:37 UTC +00:00], ["description", "Apples are delicious"], ["name", "Product 1"], ["price", #<BigDecimal:7fd9cdbcb458,'0.1000012312 3E3',18(27)>], ["updated_at", Fri, 16 Nov 2012 16:51:37 UTC +00:00]]
  [1m[35m (0.8ms)[0m  commit transaction
Redirected to http://0.0.0.0:3000/products/1
Completed 302 Found in 74ms (ActiveRecord: 16.9ms)


Started GET "/products/1" for 127.0.0.1 at 2012-11-16 10:51:37 -0600
Processing by ProductsController#show as HTML
  Parameters: {"id"=>"1"}
  [1m[36mProduct Load (0.3ms)[0m  [1mSELECT "products".* FROM "products" WHERE "products"."id" = ? LIMIT 1[0m  [["id", "1"]]
  Rendered products/show.html.erb within layouts/application (2.9ms)
Completed 200 OK in 18ms (Views: 14.3ms | ActiveRecord: 0.3ms)


Started GET "/assets/application.css?body=1" for 127.0.0.1 at 2012-11-16 10:51:37 -0600
Served asset /application.css - 304 Not Modified (0ms)


Started GET "/assets/home.css?body=1" for 127.0.0.1 at 2012-11-16 10:51:37 -0600
Served asset /home.css - 304 Not Modified (0ms)


Started GET "/assets/jquery.js?body=1" for 127.0.0.1 at 2012-11-16 10:51:37 -0600
Served asset /jquery.js - 304 Not Modified (0ms)


Started GET "/assets/home.js?body=1" for 127.0.0.1 at 2012-11-16 10:51:37 -0600
Served asset /home.js - 304 Not Modified (0ms)


Started GET "/assets/application.js?body=1" for 127.0.0.1 at 2012-11-16 10:51:37 -0600
Served asset /application.js - 304 Not Modified (0ms)


Started GET "/assets/jquery_ujs.js?body=1" for 127.0.0.1 at 2012-11-16 10:51:37 -0600
Served asset /jquery_ujs.js - 304 Not Modified (0ms)


Started GET "/products/1/edit" for 127.0.0.1 at 2012-11-16 10:51:39 -0600
Processing by ProductsController#edit as HTML
  Parameters: {"id"=>"1"}
  [1m[35mProduct Load (0.2ms)[0m  SELECT "products".* FROM "products" WHERE "products"."id" = ? LIMIT 1  [["id", "1"]]
  Rendered products/_form.html.erb (4.4ms)
  Rendered products/edit.html.erb within layouts/application (6.9ms)
Completed 200 OK in 21ms (Views: 18.8ms | ActiveRecord: 0.2ms)


Started GET "/assets/application.css?body=1" for 127.0.0.1 at 2012-11-16 10:51:39 -0600
Served asset /application.css - 304 Not Modified (0ms)


Started GET "/assets/jquery.js?body=1" for 127.0.0.1 at 2012-11-16 10:51:39 -0600
Served asset /jquery.js - 304 Not Modified (0ms)


Started GET "/assets/jquery_ujs.js?body=1" for 127.0.0.1 at 2012-11-16 10:51:39 -0600
Served asset /jquery_ujs.js - 304 Not Modified (0ms)


Started GET "/assets/application.js?body=1" for 127.0.0.1 at 2012-11-16 10:51:39 -0600
Served asset /application.js - 304 Not Modified (0ms)


Started GET "/assets/home.css?body=1" for 127.0.0.1 at 2012-11-16 10:51:39 -0600
Served asset /home.css - 304 Not Modified (0ms)


Started GET "/assets/home.js?body=1" for 127.0.0.1 at 2012-11-16 10:51:39 -0600
Served asset /home.js - 304 Not Modified (0ms)


Started PUT "/products/1" for 127.0.0.1 at 2012-11-16 10:51:42 -0600
Processing by ProductsController#update as HTML
  Parameters: {"utf8"=>"✓", "authenticity_token"=>"1uRfxuu8iLJrQ5ZYhX6iX24QWiUPqiTzO7QcoK7w2AU=", "product"=>{"name"=>"Product 1", "description"=>"Apples are delicious", "price"=>"asdfasdfafasdf"}, "commit"=>"Update Product", "id"=>"1"}
  [1m[36mProduct Load (0.2ms)[0m  [1mSELECT "products".* FROM "products" WHERE "products"."id" = ? LIMIT 1[0m  [["id", "1"]]
  [1m[35m (0.1ms)[0m  begin transaction
  [1m[36m (0.4ms)[0m  [1mUPDATE "products" SET "price" = 0.0, "updated_at" = '2012-11-16 16:51:42.973119' WHERE "products"."id" = 1[0m
  [1m[35m (0.7ms)[0m  commit transaction
Redirected to http://0.0.0.0:3000/products/1
Completed 302 Found in 9ms (ActiveRecord: 1.4ms)


Started GET "/products/1" for 127.0.0.1 at 2012-11-16 10:51:42 -0600
Processing by ProductsController#show as HTML
  Parameters: {"id"=>"1"}
  [1m[36mProduct Load (0.2ms)[0m  [1mSELECT "products".* FROM "products" WHERE "products"."id" = ? LIMIT 1[0m  [["id", "1"]]
  Rendered products/show.html.erb within layouts/application (1.4ms)
Completed 200 OK in 16ms (Views: 13.6ms | ActiveRecord: 0.2ms)


Started GET "/assets/home.css?body=1" for 127.0.0.1 at 2012-11-16 10:51:43 -0600
Served asset /home.css - 304 Not Modified (0ms)


Started GET "/assets/jquery.js?body=1" for 127.0.0.1 at 2012-11-16 10:51:43 -0600
Served asset /jquery.js - 304 Not Modified (0ms)


Started GET "/assets/jquery_ujs.js?body=1" for 127.0.0.1 at 2012-11-16 10:51:43 -0600
Served asset /jquery_ujs.js - 304 Not Modified (0ms)


Started GET "/assets/application.js?body=1" for 127.0.0.1 at 2012-11-16 10:51:43 -0600
Served asset /application.js - 304 Not Modified (1ms)


Started GET "/assets/application.css?body=1" for 127.0.0.1 at 2012-11-16 10:51:43 -0600
Served asset /application.css - 304 Not Modified (0ms)


Started GET "/assets/home.js?body=1" for 127.0.0.1 at 2012-11-16 10:51:43 -0600
Served asset /home.js - 304 Not Modified (0ms)


Started GET "/products/1/edit" for 127.0.0.1 at 2012-11-16 10:51:45 -0600
Processing by ProductsController#edit as HTML
  Parameters: {"id"=>"1"}
  [1m[35mProduct Load (0.2ms)[0m  SELECT "products".* FROM "products" WHERE "products"."id" = ? LIMIT 1  [["id", "1"]]
  Rendered products/_form.html.erb (5.2ms)
  Rendered products/edit.html.erb within layouts/application (7.3ms)
Completed 200 OK in 21ms (Views: 19.5ms | ActiveRecord: 0.2ms)


Started GET "/assets/application.css?body=1" for 127.0.0.1 at 2012-11-16 10:51:45 -0600
Served asset /application.css - 304 Not Modified (1ms)


Started GET "/assets/home.css?body=1" for 127.0.0.1 at 2012-11-16 10:51:45 -0600
Served asset /home.css - 304 Not Modified (0ms)


Started GET "/assets/jquery_ujs.js?body=1" for 127.0.0.1 at 2012-11-16 10:51:45 -0600
Served asset /jquery_ujs.js - 304 Not Modified (0ms)


Started GET "/assets/home.js?body=1" for 127.0.0.1 at 2012-11-16 10:51:45 -0600
Served asset /home.js - 304 Not Modified (0ms)


Started GET "/assets/jquery.js?body=1" for 127.0.0.1 at 2012-11-16 10:51:45 -0600
Served asset /jquery.js - 304 Not Modified (0ms)


Started GET "/assets/application.js?body=1" for 127.0.0.1 at 2012-11-16 10:51:45 -0600
Served asset /application.js - 304 Not Modified (1ms)


Started PUT "/products/1" for 127.0.0.1 at 2012-11-16 10:51:48 -0600
Processing by ProductsController#update as HTML
  Parameters: {"utf8"=>"✓", "authenticity_token"=>"1uRfxuu8iLJrQ5ZYhX6iX24QWiUPqiTzO7QcoK7w2AU=", "product"=>{"name"=>"Product 1", "description"=>"Apples are delicious", "price"=>"asdfasdfasfd"}, "commit"=>"Update Product", "id"=>"1"}
  [1m[36mProduct Load (0.2ms)[0m  [1mSELECT "products".* FROM "products" WHERE "products"."id" = ? LIMIT 1[0m  [["id", "1"]]
  [1m[35m (0.1ms)[0m  begin transaction
  [1m[36m (0.5ms)[0m  [1mUPDATE "products" SET "price" = 0.0, "updated_at" = '2012-11-16 16:51:48.274440' WHERE "products"."id" = 1[0m
  [1m[35m (0.7ms)[0m  commit transaction
Redirected to http://0.0.0.0:3000/products/1
Completed 302 Found in 10ms (ActiveRecord: 1.6ms)


Started GET "/products/1" for 127.0.0.1 at 2012-11-16 10:51:48 -0600
Processing by ProductsController#show as HTML
  Parameters: {"id"=>"1"}
  [1m[36mProduct Load (0.2ms)[0m  [1mSELECT "products".* FROM "products" WHERE "products"."id" = ? LIMIT 1[0m  [["id", "1"]]
  Rendered products/show.html.erb within layouts/application (2.7ms)
Completed 200 OK in 27ms (Views: 24.6ms | ActiveRecord: 0.2ms)


Started GET "/assets/home.js?body=1" for 127.0.0.1 at 2012-11-16 10:51:48 -0600
Served asset /home.js - 304 Not Modified (0ms)


Started GET "/assets/jquery_ujs.js?body=1" for 127.0.0.1 at 2012-11-16 10:51:48 -0600
Served asset /jquery_ujs.js - 304 Not Modified (0ms)


Started GET "/assets/home.css?body=1" for 127.0.0.1 at 2012-11-16 10:51:48 -0600
Served asset /home.css - 304 Not Modified (0ms)


Started GET "/assets/application.css?body=1" for 127.0.0.1 at 2012-11-16 10:51:48 -0600
Served asset /application.css - 304 Not Modified (1ms)


Started GET "/assets/application.js?body=1" for 127.0.0.1 at 2012-11-16 10:51:48 -0600
Served asset /application.js - 304 Not Modified (1ms)


Started GET "/assets/jquery.js?body=1" for 127.0.0.1 at 2012-11-16 10:51:48 -0600
Served asset /jquery.js - 304 Not Modified (0ms)


Started GET "/products/1/edit" for 127.0.0.1 at 2012-11-16 10:51:49 -0600
Processing by ProductsController#edit as HTML
  Parameters: {"id"=>"1"}
  [1m[35mProduct Load (0.1ms)[0m  SELECT "products".* FROM "products" WHERE "products"."id" = ? LIMIT 1  [["id", "1"]]
  Rendered products/_form.html.erb (4.2ms)
  Rendered products/edit.html.erb within layouts/application (5.8ms)
Completed 200 OK in 17ms (Views: 15.7ms | ActiveRecord: 0.1ms)


Started GET "/assets/application.css?body=1" for 127.0.0.1 at 2012-11-16 10:51:50 -0600
Served asset /application.css - 304 Not Modified (1ms)


Started GET "/assets/home.css?body=1" for 127.0.0.1 at 2012-11-16 10:51:50 -0600
Served asset /home.css - 304 Not Modified (0ms)


Started GET "/assets/jquery.js?body=1" for 127.0.0.1 at 2012-11-16 10:51:50 -0600
Served asset /jquery.js - 304 Not Modified (0ms)


Started GET "/assets/jquery_ujs.js?body=1" for 127.0.0.1 at 2012-11-16 10:51:50 -0600
Served asset /jquery_ujs.js - 304 Not Modified (0ms)


Started GET "/assets/home.js?body=1" for 127.0.0.1 at 2012-11-16 10:51:50 -0600
Served asset /home.js - 304 Not Modified (0ms)


Started GET "/assets/application.js?body=1" for 127.0.0.1 at 2012-11-16 10:51:50 -0600
Served asset /application.js - 304 Not Modified (1ms)


Started PUT "/products/1" for 127.0.0.1 at 2012-11-16 10:51:55 -0600
Processing by ProductsController#update as HTML
  Parameters: {"utf8"=>"✓", "authenticity_token"=>"1uRfxuu8iLJrQ5ZYhX6iX24QWiUPqiTzO7QcoK7w2AU=", "product"=>{"name"=>"Product 1", "description"=>"Apples are delicious", "price"=>"5.0"}, "commit"=>"Update Product", "id"=>"1"}
  [1m[36mProduct Load (0.2ms)[0m  [1mSELECT "products".* FROM "products" WHERE "products"."id" = ? LIMIT 1[0m  [["id", "1"]]
  [1m[35m (0.1ms)[0m  begin transaction
  [1m[36m (0.5ms)[0m  [1mUPDATE "products" SET "price" = 5.0, "updated_at" = '2012-11-16 16:51:55.275012' WHERE "products"."id" = 1[0m
  [1m[35m (1.2ms)[0m  commit transaction
Redirected to http://0.0.0.0:3000/products/1
Completed 302 Found in 10ms (ActiveRecord: 2.0ms)


Started GET "/products/1" for 127.0.0.1 at 2012-11-16 10:51:55 -0600
Processing by ProductsController#show as HTML
  Parameters: {"id"=>"1"}
  [1m[36mProduct Load (0.2ms)[0m  [1mSELECT "products".* FROM "products" WHERE "products"."id" = ? LIMIT 1[0m  [["id", "1"]]
  Rendered products/show.html.erb within layouts/application (1.7ms)
Completed 200 OK in 28ms (Views: 25.8ms | ActiveRecord: 0.2ms)


Started GET "/assets/jquery.js?body=1" for 127.0.0.1 at 2012-11-16 10:51:55 -0600
Served asset /jquery.js - 304 Not Modified (0ms)


Started GET "/assets/application.js?body=1" for 127.0.0.1 at 2012-11-16 10:51:55 -0600
Served asset /application.js - 304 Not Modified (0ms)


Started GET "/assets/home.css?body=1" for 127.0.0.1 at 2012-11-16 10:51:55 -0600
Served asset /home.css - 304 Not Modified (0ms)


Started GET "/assets/application.css?body=1" for 127.0.0.1 at 2012-11-16 10:51:55 -0600
Served asset /application.css - 304 Not Modified (1ms)


Started GET "/assets/jquery_ujs.js?body=1" for 127.0.0.1 at 2012-11-16 10:51:55 -0600
Served asset /jquery_ujs.js - 304 Not Modified (0ms)


Started GET "/assets/home.js?body=1" for 127.0.0.1 at 2012-11-16 10:51:55 -0600
Served asset /home.js - 304 Not Modified (0ms)


Started GET "/products/1/edit" for 127.0.0.1 at 2012-11-16 10:51:57 -0600
Processing by ProductsController#edit as HTML
  Parameters: {"id"=>"1"}
  [1m[35mProduct Load (0.2ms)[0m  SELECT "products".* FROM "products" WHERE "products"."id" = ? LIMIT 1  [["id", "1"]]
  Rendered products/_form.html.erb (4.1ms)
  Rendered products/edit.html.erb within layouts/application (6.0ms)
Completed 200 OK in 75ms (Views: 73.2ms | ActiveRecord: 0.2ms)


Started GET "/assets/application.css?body=1" for 127.0.0.1 at 2012-11-16 10:51:57 -0600
Served asset /application.css - 304 Not Modified (0ms)


Started GET "/assets/jquery.js?body=1" for 127.0.0.1 at 2012-11-16 10:51:57 -0600
Served asset /jquery.js - 304 Not Modified (0ms)


Started GET "/assets/home.js?body=1" for 127.0.0.1 at 2012-11-16 10:51:57 -0600
Served asset /home.js - 304 Not Modified (0ms)


Started GET "/assets/application.js?body=1" for 127.0.0.1 at 2012-11-16 10:51:57 -0600
Served asset /application.js - 304 Not Modified (1ms)


Started GET "/assets/home.css?body=1" for 127.0.0.1 at 2012-11-16 10:51:57 -0600
Served asset /home.css - 304 Not Modified (0ms)


Started GET "/assets/jquery_ujs.js?body=1" for 127.0.0.1 at 2012-11-16 10:51:57 -0600
Served asset /jquery_ujs.js - 304 Not Modified (0ms)


Started PUT "/products/1" for 127.0.0.1 at 2012-11-16 10:52:00 -0600
Processing by ProductsController#update as HTML
  Parameters: {"utf8"=>"✓", "authenticity_token"=>"1uRfxuu8iLJrQ5ZYhX6iX24QWiUPqiTzO7QcoK7w2AU=", "product"=>{"name"=>"Product 1", "description"=>"Apples are delicious", "price"=>"5.00"}, "commit"=>"Update Product", "id"=>"1"}
  [1m[36mProduct Load (0.2ms)[0m  [1mSELECT "products".* FROM "products" WHERE "products"."id" = ? LIMIT 1[0m  [["id", "1"]]
  [1m[35m (0.1ms)[0m  begin transaction
  [1m[36m (0.1ms)[0m  [1mcommit transaction[0m
Redirected to http://0.0.0.0:3000/products/1
Completed 302 Found in 7ms (ActiveRecord: 0.5ms)


Started GET "/products/1" for 127.0.0.1 at 2012-11-16 10:52:00 -0600
Processing by ProductsController#show as HTML
  Parameters: {"id"=>"1"}
  [1m[35mProduct Load (0.2ms)[0m  SELECT "products".* FROM "products" WHERE "products"."id" = ? LIMIT 1  [["id", "1"]]
  Rendered products/show.html.erb within layouts/application (1.7ms)
Completed 200 OK in 17ms (Views: 14.7ms | ActiveRecord: 0.2ms)


Started GET "/assets/application.css?body=1" for 127.0.0.1 at 2012-11-16 10:52:00 -0600
Served asset /application.css - 304 Not Modified (0ms)


Started GET "/assets/jquery.js?body=1" for 127.0.0.1 at 2012-11-16 10:52:00 -0600
Served asset /jquery.js - 304 Not Modified (0ms)


Started GET "/assets/home.js?body=1" for 127.0.0.1 at 2012-11-16 10:52:00 -0600
Served asset /home.js - 304 Not Modified (0ms)


Started GET "/assets/home.css?body=1" for 127.0.0.1 at 2012-11-16 10:52:00 -0600
Served asset /home.css - 304 Not Modified (0ms)


Started GET "/assets/jquery_ujs.js?body=1" for 127.0.0.1 at 2012-11-16 10:52:00 -0600
Served asset /jquery_ujs.js - 304 Not Modified (0ms)


Started GET "/assets/application.js?body=1" for 127.0.0.1 at 2012-11-16 10:52:00 -0600
Served asset /application.js - 304 Not Modified (0ms)


Started GET "/products" for 127.0.0.1 at 2012-11-16 10:52:03 -0600
Processing by ProductsController#index as HTML
  [1m[36mProduct Load (0.2ms)[0m  [1mSELECT "products".* FROM "products" [0m
  Rendered products/index.html.erb within layouts/application (2.2ms)
Completed 200 OK in 13ms (Views: 11.4ms | ActiveRecord: 0.2ms)


Started GET "/assets/application.css?body=1" for 127.0.0.1 at 2012-11-16 10:52:03 -0600
Served asset /application.css - 304 Not Modified (0ms)


Started GET "/assets/home.css?body=1" for 127.0.0.1 at 2012-11-16 10:52:03 -0600
Served asset /home.css - 304 Not Modified (0ms)


Started GET "/assets/jquery_ujs.js?body=1" for 127.0.0.1 at 2012-11-16 10:52:03 -0600
Served asset /jquery_ujs.js - 304 Not Modified (0ms)


Started GET "/assets/home.js?body=1" for 127.0.0.1 at 2012-11-16 10:52:03 -0600
Served asset /home.js - 304 Not Modified (0ms)


Started GET "/assets/jquery.js?body=1" for 127.0.0.1 at 2012-11-16 10:52:03 -0600
Served asset /jquery.js - 304 Not Modified (0ms)


Started GET "/assets/application.js?body=1" for 127.0.0.1 at 2012-11-16 10:52:03 -0600
Served asset /application.js - 304 Not Modified (0ms)


Started GET "/" for 127.0.0.1 at 2012-11-27 05:54:42 -0600
Connecting to database specified by database.yml
Processing by HomeController#index as HTML
  Rendered home/index.html.erb within layouts/application (4.1ms)
Compiled jquery.js  (5ms)  (pid 5040)
Compiled jquery_ujs.js  (0ms)  (pid 5040)
Compiled application.js  (58ms)  (pid 5040)
Completed 200 OK in 152ms (Views: 151.2ms | ActiveRecord: 0.0ms)


Started GET "/assets/application.css?body=1" for 127.0.0.1 at 2012-11-27 05:54:43 -0600
Served asset /application.css - 200 OK (16ms)


Started GET "/assets/home.css?body=1" for 127.0.0.1 at 2012-11-27 05:54:43 -0600
Served asset /home.css - 200 OK (3ms)


Started GET "/assets/products.css?body=1" for 127.0.0.1 at 2012-11-27 05:54:43 -0600
Served asset /products.css - 200 OK (3ms)


Started GET "/assets/scaffolds.css?body=1" for 127.0.0.1 at 2012-11-27 05:54:43 -0600
Served asset /scaffolds.css - 200 OK (2ms)


Started GET "/assets/jquery_ujs.js?body=1" for 127.0.0.1 at 2012-11-27 05:54:43 -0600
Served asset /jquery_ujs.js - 200 OK (5ms)


Started GET "/assets/jquery.js?body=1" for 127.0.0.1 at 2012-11-27 05:54:43 -0600
Served asset /jquery.js - 200 OK (4ms)


Started GET "/assets/home.js?body=1" for 127.0.0.1 at 2012-11-27 05:54:43 -0600
Served asset /home.js - 200 OK (3ms)


Started GET "/assets/products.js?body=1" for 127.0.0.1 at 2012-11-27 05:54:43 -0600
Served asset /products.js - 200 OK (4ms)


Started GET "/assets/application.js?body=1" for 127.0.0.1 at 2012-11-27 05:54:43 -0600
Served asset /application.js - 200 OK (10ms)


Started GET "/products" for 127.0.0.1 at 2012-11-27 05:54:46 -0600
Processing by ProductsController#index as HTML
  [1m[36mProduct Load (0.1ms)[0m  [1mSELECT "products".* FROM "products" [0m
  Rendered products/index.html.erb within layouts/application (3.8ms)
Completed 200 OK in 60ms (Views: 12.5ms | ActiveRecord: 2.8ms)
Connecting to database specified by database.yml
  [1m[36m (0.1ms)[0m  [1mSELECT "schema_migrations"."version" FROM "schema_migrations" [0m
Migrating to CreateProducts (20121116163801)
  [1m[35m (0.1ms)[0m  select sqlite_version(*)
  [1m[36m (0.1ms)[0m  [1mSELECT "schema_migrations"."version" FROM "schema_migrations" [0m
Connecting to database specified by database.yml
  [1m[36m (0.1ms)[0m  [1mSELECT "schema_migrations"."version" FROM "schema_migrations" [0m
  [1m[35m (0.3ms)[0m  select sqlite_version(*)
  [1m[36m (1.2ms)[0m  [1mCREATE TABLE "products" ("id" INTEGER PRIMARY KEY AUTOINCREMENT NOT NULL, "name" varchar(255), "description" varchar(255), "price" decimal, "created_at" datetime NOT NULL, "updated_at" datetime NOT NULL) [0m
  [1m[35m (0.9ms)[0m  CREATE TABLE "schema_migrations" ("version" varchar(255) NOT NULL) 
  [1m[36m (0.8ms)[0m  [1mCREATE UNIQUE INDEX "unique_schema_migrations" ON "schema_migrations" ("version")[0m
  [1m[35m (0.1ms)[0m  SELECT version FROM "schema_migrations"
  [1m[36m (1.0ms)[0m  [1mINSERT INTO "schema_migrations" (version) VALUES ('20121116163801')[0m
Connecting to database specified by database.yml


Started GET "/" for 127.0.0.1 at 2012-11-27 08:12:35 -0600
Connecting to database specified by database.yml
Processing by HomeController#index as HTML
  Rendered home/index.html.erb within layouts/application (4.3ms)
Compiled jquery.js  (3ms)  (pid 8992)
Compiled jquery_ujs.js  (0ms)  (pid 8992)
Compiled application.js  (65ms)  (pid 8992)
Completed 200 OK in 160ms (Views: 159.6ms | ActiveRecord: 0.0ms)


Started GET "/assets/scaffolds.css?body=1" for 127.0.0.1 at 2012-11-27 08:12:36 -0600
Served asset /scaffolds.css - 304 Not Modified (2ms)


Started GET "/assets/products.css?body=1" for 127.0.0.1 at 2012-11-27 08:12:36 -0600
Served asset /products.css - 304 Not Modified (3ms)


Started GET "/assets/home.css?body=1" for 127.0.0.1 at 2012-11-27 08:12:36 -0600
Served asset /home.css - 304 Not Modified (2ms)


Started GET "/assets/application.css?body=1" for 127.0.0.1 at 2012-11-27 08:12:36 -0600
Served asset /application.css - 304 Not Modified (11ms)


Started GET "/assets/jquery.js?body=1" for 127.0.0.1 at 2012-11-27 08:12:36 -0600
Served asset /jquery.js - 200 OK (7ms)


Started GET "/assets/jquery_ujs.js?body=1" for 127.0.0.1 at 2012-11-27 08:12:36 -0600
Served asset /jquery_ujs.js - 304 Not Modified (5ms)


Started GET "/assets/home.js?body=1" for 127.0.0.1 at 2012-11-27 08:12:36 -0600
Served asset /home.js - 304 Not Modified (3ms)


Started GET "/assets/products.js?body=1" for 127.0.0.1 at 2012-11-27 08:12:36 -0600
Served asset /products.js - 304 Not Modified (4ms)


Started GET "/assets/application.js?body=1" for 127.0.0.1 at 2012-11-27 08:12:36 -0600
Served asset /application.js - 304 Not Modified (11ms)


Started GET "/products" for 127.0.0.1 at 2012-11-27 08:18:09 -0600
Processing by ProductsController#index as HTML
  [1m[36mProduct Load (0.1ms)[0m  [1mSELECT "products".* FROM "products" [0m
  Rendered products/index.html.erb within layouts/application (3.7ms)
Completed 200 OK in 83ms (Views: 16.1ms | ActiveRecord: 4.3ms)


Started GET "/assets/scaffolds.css?body=1" for 127.0.0.1 at 2012-11-27 08:18:09 -0600
Served asset /scaffolds.css - 304 Not Modified (0ms)


Started GET "/assets/home.css?body=1" for 127.0.0.1 at 2012-11-27 08:18:09 -0600
Served asset /home.css - 304 Not Modified (0ms)


Started GET "/assets/products.css?body=1" for 127.0.0.1 at 2012-11-27 08:18:09 -0600
Served asset /products.css - 304 Not Modified (0ms)


Started GET "/assets/home.js?body=1" for 127.0.0.1 at 2012-11-27 08:18:09 -0600
Served asset /home.js - 304 Not Modified (0ms)


Started GET "/assets/application.css?body=1" for 127.0.0.1 at 2012-11-27 08:18:09 -0600
Served asset /application.css - 304 Not Modified (0ms)


Started GET "/assets/jquery_ujs.js?body=1" for 127.0.0.1 at 2012-11-27 08:18:09 -0600
Served asset /jquery_ujs.js - 304 Not Modified (0ms)


Started GET "/assets/products.js?body=1" for 127.0.0.1 at 2012-11-27 08:18:09 -0600
Served asset /products.js - 304 Not Modified (0ms)


Started GET "/assets/application.js?body=1" for 127.0.0.1 at 2012-11-27 08:18:09 -0600
Served asset /application.js - 304 Not Modified (1ms)


Started GET "/products/new" for 127.0.0.1 at 2012-11-27 09:39:26 -0600
Connecting to database specified by database.yml
Processing by ProductsController#new as HTML
  Rendered products/_form.html.erb (12.6ms)
  Rendered products/new.html.erb within layouts/application (23.2ms)
Completed 200 OK in 181ms (Views: 106.1ms | ActiveRecord: 2.8ms)


Started GET "/assets/application.css?body=1" for 127.0.0.1 at 2012-11-27 09:39:26 -0600
Served asset /application.css - 304 Not Modified (11ms)


Started GET "/assets/home.css?body=1" for 127.0.0.1 at 2012-11-27 09:39:26 -0600
Served asset /home.css - 304 Not Modified (2ms)


Started GET "/assets/products.css?body=1" for 127.0.0.1 at 2012-11-27 09:39:26 -0600
Served asset /products.css - 304 Not Modified (3ms)


Started GET "/assets/jquery.js?body=1" for 127.0.0.1 at 2012-11-27 09:39:26 -0600
Served asset /jquery.js - 304 Not Modified (6ms)


Started GET "/assets/scaffolds.css?body=1" for 127.0.0.1 at 2012-11-27 09:39:26 -0600
Served asset /scaffolds.css - 304 Not Modified (3ms)


Started GET "/assets/jquery_ujs.js?body=1" for 127.0.0.1 at 2012-11-27 09:39:26 -0600
Served asset /jquery_ujs.js - 304 Not Modified (3ms)


Started GET "/assets/home.js?body=1" for 127.0.0.1 at 2012-11-27 09:39:26 -0600
Served asset /home.js - 304 Not Modified (2ms)


Started GET "/assets/products.js?body=1" for 127.0.0.1 at 2012-11-27 09:39:26 -0600
Served asset /products.js - 304 Not Modified (3ms)


Started GET "/assets/application.js?body=1" for 127.0.0.1 at 2012-11-27 09:39:26 -0600
Served asset /application.js - 304 Not Modified (8ms)


Started POST "/products" for 127.0.0.1 at 2012-11-27 09:39:35 -0600
Processing by ProductsController#create as HTML
  Parameters: {"utf8"=>"✓", "authenticity_token"=>"OKRCc4fn0ef342nnFxiSSMkswRCkXjSvxMT0evlUGP0=", "product"=>{"name"=>"Paper", "description"=>"", "price"=>"5.50"}, "commit"=>"Create Product"}
  [1m[36m (0.1ms)[0m  [1mbegin transaction[0m
  [1m[35mSQL (45.1ms)[0m  INSERT INTO "products" ("created_at", "description", "name", "price", "updated_at") VALUES (?, ?, ?, ?, ?)  [["created_at", Tue, 27 Nov 2012 15:39:35 UTC +00:00], ["description", ""], ["name", "Paper"], ["price", #<BigDecimal:7fd09c9d98f0,'0.55E1',18(18)>], ["updated_at", Tue, 27 Nov 2012 15:39:35 UTC +00:00]]
  [1m[36m (0.7ms)[0m  [1mcommit transaction[0m
Redirected to http://0.0.0.0:3000/products/2
Completed 302 Found in 52ms (ActiveRecord: 45.9ms)


Started GET "/products/2" for 127.0.0.1 at 2012-11-27 09:39:35 -0600
Processing by ProductsController#show as HTML
  Parameters: {"id"=>"2"}
  [1m[35mProduct Load (0.3ms)[0m  SELECT "products".* FROM "products" WHERE "products"."id" = ? LIMIT 1  [["id", "2"]]
  Rendered products/show.html.erb within layouts/application (1.5ms)
Completed 200 OK in 12ms (Views: 9.0ms | ActiveRecord: 0.3ms)


Started GET "/assets/home.css?body=1" for 127.0.0.1 at 2012-11-27 09:39:35 -0600
Served asset /home.css - 304 Not Modified (0ms)


Started GET "/assets/products.css?body=1" for 127.0.0.1 at 2012-11-27 09:39:35 -0600
Served asset /products.css - 304 Not Modified (0ms)


Started GET "/assets/scaffolds.css?body=1" for 127.0.0.1 at 2012-11-27 09:39:35 -0600
Served asset /scaffolds.css - 304 Not Modified (0ms)


Started GET "/assets/jquery.js?body=1" for 127.0.0.1 at 2012-11-27 09:39:35 -0600
Served asset /jquery.js - 304 Not Modified (0ms)


Started GET "/assets/jquery_ujs.js?body=1" for 127.0.0.1 at 2012-11-27 09:39:35 -0600
Served asset /jquery_ujs.js - 304 Not Modified (0ms)


Started GET "/assets/application.css?body=1" for 127.0.0.1 at 2012-11-27 09:39:35 -0600
Served asset /application.css - 304 Not Modified (0ms)


Started GET "/assets/home.js?body=1" for 127.0.0.1 at 2012-11-27 09:39:35 -0600
Served asset /home.js - 304 Not Modified (0ms)


Started GET "/assets/products.js?body=1" for 127.0.0.1 at 2012-11-27 09:39:35 -0600
Served asset /products.js - 304 Not Modified (0ms)


Started GET "/assets/application.js?body=1" for 127.0.0.1 at 2012-11-27 09:39:35 -0600
Served asset /application.js - 304 Not Modified (0ms)


Started GET "/products/2/edit" for 127.0.0.1 at 2012-11-27 09:42:28 -0600
Processing by ProductsController#edit as HTML
  Parameters: {"id"=>"2"}
  [1m[36mProduct Load (0.2ms)[0m  [1mSELECT "products".* FROM "products" WHERE "products"."id" = ? LIMIT 1[0m  [["id", "2"]]
  Rendered products/_form.html.erb (5.0ms)
  Rendered products/edit.html.erb within layouts/application (8.4ms)
Completed 200 OK in 22ms (Views: 19.5ms | ActiveRecord: 0.2ms)


Started GET "/assets/application.css?body=1" for 127.0.0.1 at 2012-11-27 09:42:28 -0600
Served asset /application.css - 304 Not Modified (0ms)


Started GET "/assets/home.css?body=1" for 127.0.0.1 at 2012-11-27 09:42:28 -0600
Served asset /home.css - 304 Not Modified (0ms)


Started GET "/assets/scaffolds.css?body=1" for 127.0.0.1 at 2012-11-27 09:42:28 -0600
Served asset /scaffolds.css - 304 Not Modified (0ms)


Started GET "/assets/products.css?body=1" for 127.0.0.1 at 2012-11-27 09:42:28 -0600
Served asset /products.css - 304 Not Modified (0ms)


Started GET "/assets/jquery.js?body=1" for 127.0.0.1 at 2012-11-27 09:42:28 -0600
Served asset /jquery.js - 304 Not Modified (0ms)


Started GET "/assets/jquery_ujs.js?body=1" for 127.0.0.1 at 2012-11-27 09:42:28 -0600
Served asset /jquery_ujs.js - 304 Not Modified (0ms)


Started GET "/assets/home.js?body=1" for 127.0.0.1 at 2012-11-27 09:42:28 -0600
Served asset /home.js - 304 Not Modified (0ms)


Started GET "/assets/products.js?body=1" for 127.0.0.1 at 2012-11-27 09:42:28 -0600
Served asset /products.js - 304 Not Modified (0ms)


Started GET "/assets/application.js?body=1" for 127.0.0.1 at 2012-11-27 09:42:28 -0600
Served asset /application.js - 304 Not Modified (1ms)


Started PUT "/products/2" for 127.0.0.1 at 2012-11-27 09:42:32 -0600
Processing by ProductsController#update as HTML
  Parameters: {"utf8"=>"✓", "authenticity_token"=>"OKRCc4fn0ef342nnFxiSSMkswRCkXjSvxMT0evlUGP0=", "product"=>{"name"=>"Paper", "description"=>"", "price"=>"5.5"}, "commit"=>"Update Product", "id"=>"2"}
  [1m[35mProduct Load (0.2ms)[0m  SELECT "products".* FROM "products" WHERE "products"."id" = ? LIMIT 1  [["id", "2"]]
  [1m[36m (0.1ms)[0m  [1mbegin transaction[0m
  [1m[35m (0.1ms)[0m  commit transaction
Redirected to http://0.0.0.0:3000/products/2
Completed 302 Found in 6ms (ActiveRecord: 0.4ms)


Started GET "/products/2" for 127.0.0.1 at 2012-11-27 09:42:32 -0600
Processing by ProductsController#show as HTML
  Parameters: {"id"=>"2"}
  [1m[36mProduct Load (0.1ms)[0m  [1mSELECT "products".* FROM "products" WHERE "products"."id" = ? LIMIT 1[0m  [["id", "2"]]
  Rendered products/show.html.erb within layouts/application (1.0ms)
Completed 200 OK in 11ms (Views: 9.7ms | ActiveRecord: 0.1ms)


Started GET "/assets/application.css?body=1" for 127.0.0.1 at 2012-11-27 09:42:32 -0600
Served asset /application.css - 304 Not Modified (0ms)


Started GET "/assets/home.css?body=1" for 127.0.0.1 at 2012-11-27 09:42:32 -0600
Served asset /home.css - 304 Not Modified (0ms)


Started GET "/assets/scaffolds.css?body=1" for 127.0.0.1 at 2012-11-27 09:42:32 -0600
Served asset /scaffolds.css - 304 Not Modified (0ms)


Started GET "/assets/products.css?body=1" for 127.0.0.1 at 2012-11-27 09:42:32 -0600
Served asset /products.css - 304 Not Modified (0ms)


Started GET "/assets/jquery.js?body=1" for 127.0.0.1 at 2012-11-27 09:42:32 -0600
Served asset /jquery.js - 304 Not Modified (0ms)


Started GET "/assets/jquery_ujs.js?body=1" for 127.0.0.1 at 2012-11-27 09:42:32 -0600
Served asset /jquery_ujs.js - 304 Not Modified (0ms)


Started GET "/assets/home.js?body=1" for 127.0.0.1 at 2012-11-27 09:42:32 -0600
Served asset /home.js - 304 Not Modified (0ms)


Started GET "/assets/products.js?body=1" for 127.0.0.1 at 2012-11-27 09:42:32 -0600
Served asset /products.js - 304 Not Modified (0ms)


Started GET "/assets/application.js?body=1" for 127.0.0.1 at 2012-11-27 09:42:32 -0600
Served asset /application.js - 304 Not Modified (0ms)
Connecting to database specified by database.yml
  [1m[36m (0.1ms)[0m  [1mSELECT "schema_migrations"."version" FROM "schema_migrations" [0m
Migrating to CreateProducts (20121116163801)
  [1m[35m (0.1ms)[0m  select sqlite_version(*)
  [1m[36m (0.1ms)[0m  [1mSELECT "schema_migrations"."version" FROM "schema_migrations" [0m
Connecting to database specified by database.yml


Started GET "/" for 127.0.0.1 at 2012-11-27 10:27:02 -0600
Connecting to database specified by database.yml
Processing by HomeController#index as HTML
  Rendered home/index.html.erb within layouts/application (3.6ms)
Completed 200 OK in 82ms (Views: 81.4ms | ActiveRecord: 0.0ms)


Started GET "/assets/application.css?body=1" for 127.0.0.1 at 2012-11-27 10:27:03 -0600
Served asset /application.css - 200 OK (8ms)


Started GET "/assets/home.css?body=1" for 127.0.0.1 at 2012-11-27 10:27:03 -0600
Served asset /home.css - 200 OK (3ms)


Started GET "/assets/products.css?body=1" for 127.0.0.1 at 2012-11-27 10:27:03 -0600
Served asset /products.css - 200 OK (3ms)


Started GET "/assets/scaffolds.css?body=1" for 127.0.0.1 at 2012-11-27 10:27:03 -0600
Served asset /scaffolds.css - 200 OK (2ms)


Started GET "/assets/jquery_ujs.js?body=1" for 127.0.0.1 at 2012-11-27 10:27:03 -0600
Served asset /jquery_ujs.js - 200 OK (3ms)


Started GET "/assets/jquery.js?body=1" for 127.0.0.1 at 2012-11-27 10:27:03 -0600
Served asset /jquery.js - 200 OK (5ms)


Started GET "/assets/home.js?body=1" for 127.0.0.1 at 2012-11-27 10:27:03 -0600
Served asset /home.js - 200 OK (3ms)


Started GET "/assets/products.js?body=1" for 127.0.0.1 at 2012-11-27 10:27:03 -0600
Served asset /products.js - 200 OK (2ms)


Started GET "/assets/application.js?body=1" for 127.0.0.1 at 2012-11-27 10:27:03 -0600
Served asset /application.js - 200 OK (9ms)


Started GET "/products" for 127.0.0.1 at 2012-11-27 10:27:04 -0600

ActionController::RoutingError (undefined local variable or method `length' for #<Class:0x007fc1fbe967d0>):
  app/models/product.rb:17:in `<class:Product>'
  app/models/product.rb:13:in `<top (required)>'
  app/controllers/products_controller.rb:1:in `<top (required)>'


  Rendered /Users/ecnalyr/.rvm/gems/ruby-1.9.2-p320/gems/actionpack-3.2.9/lib/action_dispatch/middleware/templates/rescues/routing_error.erb within rescues/layout (0.8ms)
Connecting to database specified by database.yml
  [1m[36m (0.1ms)[0m  [1mSELECT "schema_migrations"."version" FROM "schema_migrations" [0m
Migrating to CreateProducts (20121116163801)
  [1m[35m (0.1ms)[0m  select sqlite_version(*)
  [1m[36m (0.1ms)[0m  [1mSELECT "schema_migrations"."version" FROM "schema_migrations" [0m
Connecting to database specified by database.yml
  [1m[36m (0.1ms)[0m  [1mSELECT "schema_migrations"."version" FROM "schema_migrations" [0m
Migrating to CreateProducts (20121116163801)
  [1m[35m (0.1ms)[0m  select sqlite_version(*)
  [1m[36m (0.1ms)[0m  [1mSELECT "schema_migrations"."version" FROM "schema_migrations" [0m


Started GET "/products" for 127.0.0.1 at 2012-11-27 10:31:19 -0600
Connecting to database specified by database.yml

ActionController::RoutingError (undefined local variable or method `length' for #<Class:0x007f9d733b08e0>):
  app/models/product.rb:17:in `<class:Product>'
  app/models/product.rb:13:in `<top (required)>'
  app/controllers/products_controller.rb:1:in `<top (required)>'


  Rendered /Users/ecnalyr/.rvm/gems/ruby-1.9.2-p320/gems/actionpack-3.2.9/lib/action_dispatch/middleware/templates/rescues/routing_error.erb within rescues/layout (32.4ms)
Connecting to database specified by database.yml
  [1m[36m (0.1ms)[0m  [1mSELECT "schema_migrations"."version" FROM "schema_migrations" [0m
Migrating to CreateProducts (20121116163801)
  [1m[35m (0.1ms)[0m  select sqlite_version(*)
  [1m[36m (0.1ms)[0m  [1mSELECT "schema_migrations"."version" FROM "schema_migrations" [0m


Started GET "/products" for 127.0.0.1 at 2012-11-27 10:32:13 -0600
Connecting to database specified by database.yml
Processing by ProductsController#index as HTML
  [1m[36mProduct Load (0.1ms)[0m  [1mSELECT "products".* FROM "products" [0m
  Rendered products/index.html.erb within layouts/application (7.6ms)
Completed 200 OK in 160ms (Views: 87.3ms | ActiveRecord: 2.5ms)


Started GET "/assets/jquery.js?body=1" for 127.0.0.1 at 2012-11-27 10:32:13 -0600
Served asset /jquery.js - 304 Not Modified (5ms)


Started GET "/products/new" for 127.0.0.1 at 2012-11-27 10:32:17 -0600
Processing by ProductsController#new as HTML
  Rendered products/_form.html.erb (9.0ms)
  Rendered products/new.html.erb within layouts/application (15.0ms)
Completed 200 OK in 23ms (Views: 22.6ms | ActiveRecord: 0.0ms)


Started GET "/assets/jquery.js?body=1" for 127.0.0.1 at 2012-11-27 10:32:17 -0600
Served asset /jquery.js - 304 Not Modified (0ms)


Started POST "/products" for 127.0.0.1 at 2012-11-27 10:32:24 -0600
Processing by ProductsController#create as HTML
  Parameters: {"utf8"=>"✓", "authenticity_token"=>"7my14RENFLUtPdqf/wYFpwbdI5LQBrJlx9215VRsdyA=", "product"=>{"name"=>"", "description"=>"wonderful stuff", "price"=>"1.22"}, "commit"=>"Create Product"}
  [1m[35m (0.1ms)[0m  begin transaction
  [1m[36m (0.1ms)[0m  [1mrollback transaction[0m
  Rendered products/_form.html.erb (5.1ms)
  Rendered products/new.html.erb within layouts/application (6.2ms)
Completed 200 OK in 21ms (Views: 16.5ms | ActiveRecord: 0.2ms)


Started GET "/assets/jquery.js?body=1" for 127.0.0.1 at 2012-11-27 10:32:24 -0600
Served asset /jquery.js - 304 Not Modified (0ms)


Started POST "/products" for 127.0.0.1 at 2012-11-27 10:32:33 -0600
Processing by ProductsController#create as HTML
  Parameters: {"utf8"=>"✓", "authenticity_token"=>"7my14RENFLUtPdqf/wYFpwbdI5LQBrJlx9215VRsdyA=", "product"=>{"name"=>"apples", "description"=>"wonderful stuffwonderful stuffwonderful stuffwonderful stuffwonderful stuffwonderful stuffwonderful stuffwonderful stuffwonderful stuffwonderful stuffwonderful stuffwonderful stuffwonderful stuffwonderful stuff", "price"=>"1.22"}, "commit"=>"Create Product"}
  [1m[35m (0.1ms)[0m  begin transaction
  [1m[36m (0.0ms)[0m  [1mrollback transaction[0m
  Rendered products/_form.html.erb (6.0ms)
  Rendered products/new.html.erb within layouts/application (7.6ms)
Completed 200 OK in 19ms (Views: 16.3ms | ActiveRecord: 0.1ms)


Started GET "/assets/jquery.js?body=1" for 127.0.0.1 at 2012-11-27 10:32:33 -0600
Served asset /jquery.js - 304 Not Modified (0ms)


Started POST "/products" for 127.0.0.1 at 2012-11-27 10:32:44 -0600
Processing by ProductsController#create as HTML
  Parameters: {"utf8"=>"✓", "authenticity_token"=>"7my14RENFLUtPdqf/wYFpwbdI5LQBrJlx9215VRsdyA=", "product"=>{"name"=>"apple sauce", "description"=>"soupy", "price"=>"1.22"}, "commit"=>"Create Product"}
  [1m[35m (0.1ms)[0m  begin transaction
  [1m[36mSQL (10.4ms)[0m  [1mINSERT INTO "products" ("created_at", "description", "name", "price", "updated_at") VALUES (?, ?, ?, ?, ?)[0m  [["created_at", Tue, 27 Nov 2012 16:32:44 UTC +00:00], ["description", "soupy"], ["name", "apple sauce"], ["price", #<BigDecimal:7faf2abb4190,'0.122E1',18(18)>], ["updated_at", Tue, 27 Nov 2012 16:32:44 UTC +00:00]]
  [1m[35m (0.5ms)[0m  commit transaction
Redirected to http://localhost:3000/products/3
Completed 302 Found in 16ms (ActiveRecord: 11.0ms)


Started GET "/products/3" for 127.0.0.1 at 2012-11-27 10:32:44 -0600
Processing by ProductsController#show as HTML
  Parameters: {"id"=>"3"}
  [1m[36mProduct Load (0.4ms)[0m  [1mSELECT "products".* FROM "products" WHERE "products"."id" = ? LIMIT 1[0m  [["id", "3"]]
  Rendered products/show.html.erb within layouts/application (1.5ms)
Completed 200 OK in 13ms (Views: 8.8ms | ActiveRecord: 0.4ms)


Started GET "/assets/jquery.js?body=1" for 127.0.0.1 at 2012-11-27 10:32:44 -0600
Served asset /jquery.js - 304 Not Modified (0ms)


Started GET "/products" for 127.0.0.1 at 2012-11-27 10:32:46 -0600
Processing by ProductsController#index as HTML
  [1m[35mProduct Load (0.2ms)[0m  SELECT "products".* FROM "products" 
  Rendered products/index.html.erb within layouts/application (3.3ms)
Completed 200 OK in 49ms (Views: 47.4ms | ActiveRecord: 0.2ms)


Started GET "/assets/jquery.js?body=1" for 127.0.0.1 at 2012-11-27 10:32:46 -0600
Served asset /jquery.js - 304 Not Modified (0ms)
Connecting to database specified by database.yml
Connecting to database specified by database.yml
Connecting to database specified by database.yml
